<?xml version="1.0" encoding="UTF-8"?>
<!-- Generated by org.testng.reporters.JUnitReportReporter -->
<testsuite hostname="DESKTOP-6CD7RG7" failures="0" tests="2" name="com.automation.testCases.LoginTestAmazon" time="22.569" errors="0" timestamp="2020-09-05T22:44:19 PKT" skipped="0">
  <testcase classname="com.automation.testCases.LoginTestAmazon" name="loginApp" time="18.171"/>
  <system-out/>
  <testcase classname="com.automation.testCases.LoginTestAmazon" name="loginApp1" time="4.398"/>
  <system-out/>
</testsuite> <!-- com.automation.testCases.LoginTestAmazon -->
